\BOOKMARK [0][-]{chapter.1}{Electrmagnetic\040Waves}{}% 1
\BOOKMARK [1][-]{section.1.1}{Light}{chapter.1}% 2
\BOOKMARK [1][-]{section.1.2}{Electromagnetic\040radiation}{chapter.1}% 3
\BOOKMARK [2][-]{subsection.1.2.1}{EM-wave\040in\040one\040dimension}{section.1.2}% 4
\BOOKMARK [2][-]{subsection.1.2.2}{EM-wave\040in\0403D}{section.1.2}% 5
\BOOKMARK [1][-]{section.1.3}{Power\040and\040intensity}{chapter.1}% 6
\BOOKMARK [2][-]{subsection.1.3.1}{Power\040and\040energy}{section.1.3}% 7
\BOOKMARK [1][-]{section.1.4}{Polarization}{chapter.1}% 8
\BOOKMARK [2][-]{subsection.1.4.1}{Brewster\040angle}{section.1.4}% 9
\BOOKMARK [2][-]{subsection.1.4.2}{Linear\040polarization}{section.1.4}% 10
\BOOKMARK [2][-]{subsection.1.4.3}{Circular\040polarization}{section.1.4}% 11
\BOOKMARK [2][-]{subsection.1.4.4}{Elliptical\040polarization}{section.1.4}% 12
\BOOKMARK [2][-]{subsection.1.4.5}{Polarized\040and\040unpolarized\040light}{section.1.4}% 13
\BOOKMARK [0][-]{chapter.2}{Absorption\040and\040Emission}{}% 14
\BOOKMARK [1][-]{section.2.1}{Absorption}{chapter.2}% 15
\BOOKMARK [1][-]{section.2.2}{Emission}{chapter.2}% 16
\BOOKMARK [2][-]{subsection.2.2.1}{Stimulated\040emission}{section.2.2}% 17
\BOOKMARK [2][-]{subsection.2.2.2}{Spontaneous\040emission}{section.2.2}% 18
\BOOKMARK [2][-]{subsection.2.2.3}{Line\040broadening}{section.2.2}% 19
\BOOKMARK [0][-]{chapter.3}{Lasering\040\(and\040so\040on\040and\040so\040on\)}{}% 20
\BOOKMARK [1][-]{section.3.1}{Population\040and\040Rate\040equation}{chapter.3}% 21
\BOOKMARK [1][-]{section.3.2}{Boltzmann\040distribution}{chapter.3}% 22
\BOOKMARK [1][-]{section.3.3}{Three\040and\040four\040level\040systems}{chapter.3}% 23
\BOOKMARK [1][-]{section.3.4}{Laser\040line\040broadening}{chapter.3}% 24
\BOOKMARK [2][-]{subsection.3.4.1}{Types\040of\040line-broadening}{section.3.4}% 25
\BOOKMARK [3][-]{subsubsection.3.4.1.1}{Homogenous\040broadening}{subsection.3.4.1}% 26
\BOOKMARK [3][-]{subsubsection.3.4.1.2}{Inhomogenous\040broadening}{subsection.3.4.1}% 27
\BOOKMARK [0][-]{chapter.4}{Interference}{}% 28
\BOOKMARK [0][-]{chapter.5}{Coherence}{}% 29
\BOOKMARK [1][-]{section.5.1}{Beam\040Parameter\040Product}{chapter.5}% 30
\BOOKMARK [0][-]{chapter.6}{Resonator}{}% 31
\BOOKMARK [1][-]{section.6.1}{Spectral\040properties}{chapter.6}% 32
\BOOKMARK [1][-]{section.6.2}{Time-bandwidth\040product\040of\040a\040laser\040resonator}{chapter.6}% 33
\BOOKMARK [1][-]{section.6.3}{Losses}{chapter.6}% 34
\BOOKMARK [1][-]{section.6.4}{Resonator\040with\040laser\040active\040medium}{chapter.6}% 35
\BOOKMARK [1][-]{section.6.5}{Stability\040of\040resonators}{chapter.6}% 36
\BOOKMARK [2][-]{subsection.6.5.1}{Resonator\040Configuration}{section.6.5}% 37
\BOOKMARK [3][-]{subsubsection.6.5.1.1}{Generalized\040approach}{subsection.6.5.1}% 38
\BOOKMARK [3][-]{subsubsection.6.5.1.2}{Simplified\040approach}{subsection.6.5.1}% 39
\BOOKMARK [0][-]{chapter.7}{Beam\040profile}{}% 40
\BOOKMARK [1][-]{section.7.1}{Slit\040experiment}{chapter.7}% 41
\BOOKMARK [1][-]{section.7.2}{Diffraction\040at\040a\040slit}{chapter.7}% 42
\BOOKMARK [2][-]{subsection.7.2.1}{Diffraction\040at\040rectangular\040aperture}{section.7.2}% 43
\BOOKMARK [2][-]{subsection.7.2.2}{Diffraction\040at\040round\040aperture}{section.7.2}% 44
\BOOKMARK [2][-]{subsection.7.2.3}{Diffraction\040at\040resonator\040mirrors}{section.7.2}% 45
\BOOKMARK [1][-]{section.7.3}{Fresnel\040number}{chapter.7}% 46
\BOOKMARK [2][-]{subsection.7.3.1}{Intensity\040distribution}{section.7.3}% 47
\BOOKMARK [1][-]{section.7.4}{Multi\040Mode\040Operations}{chapter.7}% 48
\BOOKMARK [2][-]{subsection.7.4.1}{Spatial\040hole\040burning}{section.7.4}% 49
\BOOKMARK [1][-]{section.7.5}{Transverse\040Electromagnetic\040Modes\040-\040TEM}{chapter.7}% 50
\BOOKMARK [2][-]{subsection.7.5.1}{Circular\040symmetry}{section.7.5}% 51
\BOOKMARK [2][-]{subsection.7.5.2}{Rectangular\040symmetry}{section.7.5}% 52
\BOOKMARK [0][-]{chapter.8}{Beam\040Propagation}{}% 53
\BOOKMARK [1][-]{section.8.1}{Gaussian\040beam}{chapter.8}% 54
\BOOKMARK [2][-]{subsection.8.1.1}{Parameters}{section.8.1}% 55
\BOOKMARK [3][-]{subsubsection.8.1.1.1}{Rayleigh\040length\040and\040beam\040waist}{subsection.8.1.1}% 56
\BOOKMARK [3][-]{subsubsection.8.1.1.2}{\040Divergence\040angle}{subsection.8.1.1}% 57
\BOOKMARK [1][-]{section.8.2}{Beam\040size}{chapter.8}% 58
\BOOKMARK [2][-]{subsection.8.2.1}{Higher\040order\040TEM}{section.8.2}% 59
\BOOKMARK [1][-]{section.8.3}{Beam\040quality}{chapter.8}% 60
\BOOKMARK [1][-]{section.8.4}{Focusing\040of\040Gaussian\040beams}{chapter.8}% 61
\BOOKMARK [1][-]{section.8.5}{Gaussian\040beam\040propagation}{chapter.8}% 62
\BOOKMARK [2][-]{subsection.8.5.1}{Complex\040q-parameters}{section.8.5}% 63
\BOOKMARK [3][-]{subsubsection.8.5.1.1}{Q-parameter\040at\040lens}{subsection.8.5.1}% 64
\BOOKMARK [0][-]{chapter.9}{Light\040Matter\040Interaction}{}% 65
\BOOKMARK [1][-]{section.9.1}{Basic\040of\040laser\040processing}{chapter.9}% 66
\BOOKMARK [2][-]{subsection.9.1.1}{Heat\040conduction}{section.9.1}% 67
\BOOKMARK [2][-]{subsection.9.1.2}{Radiative\040energy\040losses}{section.9.1}% 68
\BOOKMARK [2][-]{subsection.9.1.3}{Evaporative\040and\040Convective\040losses}{section.9.1}% 69
\BOOKMARK [1][-]{section.9.2}{Light\040Matter\040Interaction}{chapter.9}% 70
\BOOKMARK [2][-]{subsection.9.2.1}{Band\040Structure\040of\040Solids}{section.9.2}% 71
\BOOKMARK [2][-]{subsection.9.2.2}{Coupling\040mechanisms}{section.9.2}% 72
\BOOKMARK [3][-]{subsubsection.9.2.2.1}{Linear\040absorption}{subsection.9.2.2}% 73
\BOOKMARK [2][-]{subsection.9.2.3}{Nonlinear\040absorption}{section.9.2}% 74
\BOOKMARK [1][-]{section.9.3}{Thermal\040ionization}{chapter.9}% 75
\BOOKMARK [1][-]{section.9.4}{Light-Plasma\040interaction}{chapter.9}% 76
\BOOKMARK [1][-]{section.9.5}{Plasma\040heating}{chapter.9}% 77
\BOOKMARK [2][-]{subsection.9.5.1}{Joule\040or\040Coulomb\040heating}{section.9.5}% 78
\BOOKMARK [2][-]{subsection.9.5.2}{Inverse\040Bremsstrahlung}{section.9.5}% 79
\BOOKMARK [2][-]{subsection.9.5.3}{\(Inverse\)\040Nonlinear\040Thomson\040scattering}{section.9.5}% 80
\BOOKMARK [2][-]{subsection.9.5.4}{Resulting\040effects}{section.9.5}% 81
\BOOKMARK [2][-]{subsection.9.5.5}{Summary}{section.9.5}% 82
\BOOKMARK [1][-]{section.9.6}{Index\040of\040Refraction}{chapter.9}% 83
\BOOKMARK [1][-]{section.9.7}{Rate\040of\040energy\040input}{chapter.9}% 84
\BOOKMARK [1][-]{section.9.8}{Heat\040effects\040due\040to\040laser\040irradiation}{chapter.9}% 85
\BOOKMARK [1][-]{section.9.9}{Influence\040of\040pulse\040duration}{chapter.9}% 86
\BOOKMARK [0][-]{chapter.10}{Laser\040operation:\040Continuous\040wave\040and\040Pulsed\040lasers}{}% 87
\BOOKMARK [1][-]{section.10.1}{Continuous\040wave\040-\040CW}{chapter.10}% 88
\BOOKMARK [1][-]{section.10.2}{Pulsed\040beam}{chapter.10}% 89
\BOOKMARK [2][-]{subsection.10.2.1}{From\040continuous\040to\040pulsed\040operation}{section.10.2}% 90
\BOOKMARK [2][-]{subsection.10.2.2}{Generating\040pulsed\040radiation}{section.10.2}% 91
\BOOKMARK [1][-]{section.10.3}{Generating\040pulsed\040radiation}{chapter.10}% 92
\BOOKMARK [2][-]{subsection.10.3.1}{Mode\040locking}{section.10.3}% 93
\BOOKMARK [3][-]{subsubsection.10.3.1.1}{Passive\040mode\040locking}{subsection.10.3.1}% 94
\BOOKMARK [2][-]{subsection.10.3.2}{Kerr-lens\040mode-locking}{section.10.3}% 95
\BOOKMARK [2][-]{subsection.10.3.3}{Semiconductor\040Saturable\040Absorber\040Mirror\040-\040SESAM}{section.10.3}% 96
\BOOKMARK [2][-]{subsection.10.3.4}{Q-Switching}{section.10.3}% 97
\BOOKMARK [0][-]{chapter.11}{Types\040of\040lasers}{}% 98
\BOOKMARK [1][-]{section.11.1}{Gas\040laser}{chapter.11}% 99
\BOOKMARK [2][-]{subsection.11.1.1}{Excimer\040laser}{section.11.1}% 100
\BOOKMARK [1][-]{section.11.2}{Visible\040wavelength\040gas\040lasers}{chapter.11}% 101
\BOOKMARK [1][-]{section.11.3}{Infrared\040wavelength\040gas\040lasers}{chapter.11}% 102
\BOOKMARK [1][-]{section.11.4}{Diode\040Lasers}{chapter.11}% 103
\BOOKMARK [2][-]{subsection.11.4.1}{Beam\040shaping\040for\040High-Power\040diode\040lasers}{section.11.4}% 104
\BOOKMARK [2][-]{subsection.11.4.2}{Wavelength\040and\040Polarization\040Multiplexing}{section.11.4}% 105
\BOOKMARK [2][-]{subsection.11.4.3}{High\040power\040diode\040lasers}{section.11.4}% 106
\BOOKMARK [1][-]{section.11.5}{Solid\040State\040Lasers}{chapter.11}% 107
\BOOKMARK [2][-]{subsection.11.5.1}{Flashlamp\040pumping}{section.11.5}% 108
\BOOKMARK [2][-]{subsection.11.5.2}{Diode\040laser\040pumping}{section.11.5}% 109
\BOOKMARK [1][-]{section.11.6}{Disk\040Lasers}{chapter.11}% 110
\BOOKMARK [1][-]{section.11.7}{Fiber\040lasers}{chapter.11}% 111
\BOOKMARK [2][-]{subsection.11.7.1}{Optical\040fibers}{section.11.7}% 112
\BOOKMARK [3][-]{subsubsection.11.7.1.1}{Coupling\040beams\040in\040to\040fibers}{subsection.11.7.1}% 113
\BOOKMARK [3][-]{subsubsection.11.7.1.2}{Intensity\040distribution\040inside\040an\040optical\040fiber}{subsection.11.7.1}% 114
\BOOKMARK [3][-]{subsubsection.11.7.1.3}{Single-mode\040LP\040fiber}{subsection.11.7.1}% 115
\BOOKMARK [3][-]{subsubsection.11.7.1.4}{Fiber\040components\040necessary\040for\040a\040fiber\040laser}{subsection.11.7.1}% 116
\BOOKMARK [2][-]{subsection.11.7.2}{Fiber\040laser\040active\040media}{section.11.7}% 117
\BOOKMARK [2][-]{subsection.11.7.3}{Fiber\040laser\040resonators}{section.11.7}% 118
\BOOKMARK [3][-]{subsubsection.11.7.3.1}{Power\040limiting\040effects}{subsection.11.7.3}% 119
\BOOKMARK [3][-]{subsubsection.11.7.3.2}{Nd:Glass\040Laser}{subsection.11.7.3}% 120
\BOOKMARK [0][-]{chapter.12}{Laser\040Drilling}{}% 121
\BOOKMARK [1][-]{section.12.1}{Laser\040ablation\040with\040short\040and\040Ultra-short\040pulses}{chapter.12}% 122
\BOOKMARK [2][-]{subsection.12.1.1}{Limiting\040effects}{section.12.1}% 123
\BOOKMARK [2][-]{subsection.12.1.2}{Overcoming\040limitations\040\(of\040drilling\)}{section.12.1}% 124
\BOOKMARK [1][-]{section.12.2}{Specialized\040technologies}{chapter.12}% 125
\BOOKMARK [2][-]{subsection.12.2.1}{Single\040and\040Multi\040pulse}{section.12.2}% 126
\BOOKMARK [2][-]{subsection.12.2.2}{Helical\040drilling\040and\040Trepanning}{section.12.2}% 127
\BOOKMARK [1][-]{section.12.3}{Drilling\040dimensions}{chapter.12}% 128
\BOOKMARK [2][-]{subsection.12.3.1}{Helical\040drilling\040with\040beam\040inclination}{section.12.3}% 129
\BOOKMARK [0][-]{chapter.13}{Laser\040Cutting}{}% 130
\BOOKMARK [1][-]{section.13.1}{Gas\040assisted\040cutting}{chapter.13}% 131
\BOOKMARK [2][-]{subsection.13.1.1}{Fusion\040cutting}{section.13.1}% 132
\BOOKMARK [2][-]{subsection.13.1.2}{Flame\040cutting}{section.13.1}% 133
\BOOKMARK [2][-]{subsection.13.1.3}{Comparison\040between\040Fusion\040and\040Flame\040cutting}{section.13.1}% 134
\BOOKMARK [1][-]{section.13.2}{Lasers\040for\040cutting}{chapter.13}% 135
\BOOKMARK [1][-]{section.13.3}{Influence\040of\040polarization}{chapter.13}% 136
\BOOKMARK [1][-]{section.13.4}{Remote\040fine\040cutting}{chapter.13}% 137
\BOOKMARK [1][-]{section.13.5}{Sublimation/vaporization\040cutting}{chapter.13}% 138
\BOOKMARK [0][-]{chapter.14}{Laser\040Joining}{}% 139
\BOOKMARK [1][-]{section.14.1}{\376\377\000L\000a\000s\000e\000r\000\040\000w\000e\000l\000d\000i\000n\000g\000\040\000\050\000S\000c\000h\000w\000e\000i\000\337\000e\000n\000\051}{chapter.14}% 140
\BOOKMARK [2][-]{subsection.14.1.1}{Issues\040in\040laser\040welding}{section.14.1}% 141
\BOOKMARK [3][-]{subsubsection.14.1.1.1}{Humping}{subsection.14.1.1}% 142
\BOOKMARK [3][-]{subsubsection.14.1.1.2}{Crystallographic\040changes}{subsection.14.1.1}% 143
\BOOKMARK [3][-]{subsubsection.14.1.1.3}{Welding\040geometry\040issues}{subsection.14.1.1}% 144
\BOOKMARK [2][-]{subsection.14.1.2}{Advantages\040of\040laser\040welding}{section.14.1}% 145
\BOOKMARK [2][-]{subsection.14.1.3}{Designs\040suitable\040for\040laser\040welding}{section.14.1}% 146
\BOOKMARK [1][-]{section.14.2}{\376\377\000L\000a\000s\000e\000r\000\040\000B\000e\000a\000m\000\040\000B\000r\000a\000z\000i\000n\000g\000\040\000\050\000H\000a\000r\000t\000l\000\366\000t\000e\000n\000\051}{chapter.14}% 147
\BOOKMARK [1][-]{section.14.3}{Laser\040soldering}{chapter.14}% 148
\BOOKMARK [1][-]{section.14.4}{Plastics\040welding}{chapter.14}% 149
\BOOKMARK [2][-]{subsection.14.4.1}{Process\040types}{section.14.4}% 150
\BOOKMARK [0][-]{chapter.15}{Optical\040Nonlinearity}{}% 151
\BOOKMARK [1][-]{section.15.1}{Linear\040and\040nonlinear\040absorption}{chapter.15}% 152
\BOOKMARK [1][-]{section.15.2}{Origin\040of\040refractive\040index}{chapter.15}% 153
\BOOKMARK [2][-]{subsection.15.2.1}{Influence\040of\040atomic\040structure\040on\040refractive\040index}{section.15.2}% 154
\BOOKMARK [2][-]{subsection.15.2.2}{Second\040harmonic\040generation}{section.15.2}% 155
\BOOKMARK [1][-]{section.15.3}{Applications\040of\040nonlinearity}{chapter.15}% 156
\BOOKMARK [2][-]{subsection.15.3.1}{Second\040harmonic\040generation}{section.15.3}% 157
\BOOKMARK [3][-]{subsubsection.15.3.1.1}{Three\040wave\040mixing}{subsection.15.3.1}% 158
\BOOKMARK [2][-]{subsection.15.3.2}{Third\040harmonic\040generation}{section.15.3}% 159
\BOOKMARK [3][-]{subsubsection.15.3.2.1}{Applications\040of\040Third\040harmonic\040generation}{subsection.15.3.2}% 160
\BOOKMARK [2][-]{subsection.15.3.3}{Ultra-short\040pulse\040duration\040measurements}{section.15.3}% 161
\BOOKMARK [2][-]{subsection.15.3.4}{Chirped\040pulse\040amplification}{section.15.3}% 162
\BOOKMARK [0][-]{chapter.16}{Additive\040manufacturing}{}% 163
\BOOKMARK [1][-]{section.16.1}{Powder\040Bed\040Fusion\040with\040Laser\040Beam\040of\040Metals\040\(PBF-LB/M\)}{chapter.16}% 164
\BOOKMARK [1][-]{section.16.2}{Stereolithography}{chapter.16}% 165
\BOOKMARK [1][-]{section.16.3}{2P-polymerization}{chapter.16}% 166
\BOOKMARK [1][-]{section.16.4}{Directed\040energy\040deposition}{chapter.16}% 167
